<?xml version="1.0" encoding="UTF-8"?>
<!-- Generated by org.testng.reporters.JUnitXMLReporter -->
<testsuite hostname="ICPL11527" ignored="0" name="BDD Test" tests="1" failures="1" timestamp="14 Jul 2017 10:24:45 GMT" time="7.704" errors="0">
  <testcase name="IRCTC" time="7.043" classname="com.qmetry.qaf.automation.step.client.Scenario">
    <failure type="java.lang.IllegalArgumentException" message="Non-null value required by IsEqualIgnoringCase()">
      <![CDATA[java.lang.IllegalArgumentException: Non-null value required by IsEqualIgnoringCase()
	at .Given User opens the IRCTC home page(scenarios/suite1.bdd:6)
	at org.hamcrest.text.IsEqualIgnoringCase.<init>(IsEqualIgnoringCase.java:22)
	at org.hamcrest.text.IsEqualIgnoringCase.equalToIgnoringCase(IsEqualIgnoringCase.java:56)
	at org.hamcrest.Matchers.equalToIgnoringCase(Matchers.java:1215)
	at com.irctc.pages.HomeTestPage.waitForPageToLoad(HomeTestPage.java:165)
	at com.qmetry.qaf.automation.ui.AbstractTestPage.launchPage(AbstractTestPage.java:137)
	at com.irctc.steps.StepBackLog.userOpensIRCTC(StepBackLog.java:19)
	at com.qmetry.qaf.automation.step.JavaStep.doExecute(JavaStep.java:160)
	at com.qmetry.qaf.automation.step.BaseTestStep.execute(BaseTestStep.java:149)
	at com.qmetry.qaf.automation.step.StringTestStep.execute(StringTestStep.java:134)
	at com.qmetry.qaf.automation.step.client.Scenario.execute(Scenario.java:167)
	at com.qmetry.qaf.automation.step.client.Scenario.scenario(Scenario.java:219)
]]>
    </failure>
  </testcase> <!-- IRCTC -->
</testsuite> <!-- BDD Test -->
